C:\RSQUARED\FRAMEWORK\OMEGA\GENERATEDFILES\QRC_OMEGA.CPP
C:\RSQUARED\FRAMEWORK\OMEGA\GENERATEDFILES\RELEASE\MOC_NETWORK.CPP
C:\RSQUARED\FRAMEWORK\OMEGA\GENERATEDFILES\RELEASE\MOC_OMEGA.CPP
C:\RSQUARED\FRAMEWORK\OMEGA\GENERATEDFILES\RELEASE\MOC_OPTIONQUOTER.CPP
C:\RSQUARED\FRAMEWORK\OMEGA\GENERATEDFILES\RELEASE\MOC_SYMBOLLOAD.CPP
C:\RSQUARED\FRAMEWORK\OMEGA\GENERATEDFILES\RELEASE\MOC_TIMEDMESSAGE.CPP
C:\RSQUARED\FRAMEWORK\OMEGA\GENERATEDFILES\UI_OMEGA.H
C:\RSQUARED\FRAMEWORK\OMEGA\GENERATEDFILES\UI_OPTIONQUOTER.H
C:\RSQUARED\FRAMEWORK\OMEGA\GENERATEDFILES\UI_SYMBOLLOAD.H
C:\rsquared\Framework\OMEGA\Release\cl.command.1.tlog
C:\rsquared\Framework\OMEGA\Release\CL.read.1.tlog
C:\rsquared\Framework\OMEGA\Release\CL.write.1.tlog
C:\rsquared\Framework\OMEGA\Release\custombuild.command.1.tlog
C:\rsquared\Framework\OMEGA\Release\custombuild.read.1.tlog
C:\rsquared\Framework\OMEGA\Release\custombuild.write.1.tlog
C:\RSQUARED\FRAMEWORK\OMEGA\RELEASE\FILTER.OBJ
C:\rsquared\Framework\OMEGA\Release\link.command.1.tlog
C:\rsquared\Framework\OMEGA\Release\link.read.1.tlog
C:\rsquared\Framework\OMEGA\Release\link.write.1.tlog
C:\rsquared\Framework\OMEGA\Release\link-cvtres.read.1.tlog
C:\rsquared\Framework\OMEGA\Release\link-cvtres.write.1.tlog
C:\RSQUARED\FRAMEWORK\OMEGA\RELEASE\MAIN.OBJ
C:\RSQUARED\FRAMEWORK\OMEGA\RELEASE\MOC_NETWORK.OBJ
C:\RSQUARED\FRAMEWORK\OMEGA\RELEASE\MOC_OMEGA.OBJ
C:\RSQUARED\FRAMEWORK\OMEGA\RELEASE\MOC_OPTIONQUOTER.OBJ
C:\RSQUARED\FRAMEWORK\OMEGA\RELEASE\MOC_SYMBOLLOAD.OBJ
C:\RSQUARED\FRAMEWORK\OMEGA\RELEASE\MOC_TIMEDMESSAGE.OBJ
C:\rsquared\Framework\OMEGA\Release\mt.command.1.tlog
C:\rsquared\Framework\OMEGA\Release\mt.read.1.tlog
C:\rsquared\Framework\OMEGA\Release\mt.write.1.tlog
C:\RSQUARED\FRAMEWORK\OMEGA\RELEASE\MYSQL-OMEGA.OBJ
C:\RSQUARED\FRAMEWORK\OMEGA\RELEASE\NETWORK.OBJ
C:\RSQUARED\FRAMEWORK\OMEGA\RELEASE\OMEGA.EXE.INTERMEDIATE.MANIFEST
C:\RSQUARED\FRAMEWORK\OMEGA\RELEASE\OMEGA.OBJ
C:\RSQUARED\FRAMEWORK\OMEGA\RELEASE\OMEGA.RES
C:\RSQUARED\FRAMEWORK\OMEGA\RELEASE\OPTIONQUOTER.OBJ
C:\RSQUARED\FRAMEWORK\OMEGA\RELEASE\OPTIONTICK.PB.OBJ
C:\RSQUARED\FRAMEWORK\OMEGA\RELEASE\QRC_OMEGA.OBJ
C:\rsquared\Framework\OMEGA\Release\rc.command.1.tlog
C:\rsquared\Framework\OMEGA\Release\rc.read.1.tlog
C:\rsquared\Framework\OMEGA\Release\rc.write.1.tlog
C:\RSQUARED\FRAMEWORK\OMEGA\RELEASE\RECORDTRACKER.OBJ
C:\RSQUARED\FRAMEWORK\OMEGA\RELEASE\RTYPES.PB.OBJ
C:\RSQUARED\FRAMEWORK\OMEGA\RELEASE\SYMBOLLOAD.OBJ
C:\RSQUARED\FRAMEWORK\OMEGA\RELEASE\UTILITY.OBJ
C:\RSQUARED\FRAMEWORK\WIN32\RELEASE\OMEGA.EXE
