C:\RSQUARED\FRAMEWORK\WOPR\DEBUG\ADDOPTIONSYMBOL.OBJ
C:\rsquared\Framework\WOPR\Debug\cl.command.1.tlog
C:\rsquared\Framework\WOPR\Debug\CL.read.1.tlog
C:\rsquared\Framework\WOPR\Debug\CL.write.1.tlog
C:\rsquared\Framework\WOPR\Debug\custombuild.command.1.tlog
C:\rsquared\Framework\WOPR\Debug\custombuild.read.1.tlog
C:\rsquared\Framework\WOPR\Debug\custombuild.write.1.tlog
C:\RSQUARED\FRAMEWORK\WOPR\DEBUG\FEEDCONNECTOR.OBJ
C:\RSQUARED\FRAMEWORK\WOPR\DEBUG\FEEDPROCESSOR.OBJ
C:\RSQUARED\FRAMEWORK\WOPR\DEBUG\MAIN.OBJ
C:\RSQUARED\FRAMEWORK\WOPR\DEBUG\MOC_ADDOPTIONSYMBOL.OBJ
C:\RSQUARED\FRAMEWORK\WOPR\DEBUG\MOC_FEEDCONNECTOR.OBJ
C:\RSQUARED\FRAMEWORK\WOPR\DEBUG\MOC_FEEDPROCESSOR.OBJ
C:\RSQUARED\FRAMEWORK\WOPR\DEBUG\MOC_NETWORK.OBJ
C:\RSQUARED\FRAMEWORK\WOPR\DEBUG\MOC_OPTIONFEEDS.OBJ
C:\RSQUARED\FRAMEWORK\WOPR\DEBUG\MOC_OPTIONINDICATOR.OBJ
C:\RSQUARED\FRAMEWORK\WOPR\DEBUG\MOC_QUESILO.OBJ
C:\RSQUARED\FRAMEWORK\WOPR\DEBUG\MOC_TDISPLAY.OBJ
C:\RSQUARED\FRAMEWORK\WOPR\DEBUG\MOC_UPDATEFEEDS.OBJ
C:\RSQUARED\FRAMEWORK\WOPR\DEBUG\MOC_WOPR.OBJ
C:\RSQUARED\FRAMEWORK\WOPR\DEBUG\MYSQL-WOPR.OBJ
C:\RSQUARED\FRAMEWORK\WOPR\DEBUG\NETWORK.OBJ
C:\RSQUARED\FRAMEWORK\WOPR\DEBUG\OPTIONFEEDS.OBJ
C:\RSQUARED\FRAMEWORK\WOPR\DEBUG\OPTIONINDICATOR.OBJ
C:\RSQUARED\FRAMEWORK\WOPR\DEBUG\OPTIONPROPERTIES.OBJ
C:\RSQUARED\FRAMEWORK\WOPR\DEBUG\OPTIONTICK.PB.OBJ
C:\RSQUARED\FRAMEWORK\WOPR\DEBUG\QUESILO.OBJ
C:\RSQUARED\FRAMEWORK\WOPR\DEBUG\STOCKTICK.PB.OBJ
C:\RSQUARED\FRAMEWORK\WOPR\DEBUG\TDISPLAY.OBJ
C:\RSQUARED\FRAMEWORK\WOPR\DEBUG\TICK.PB.OBJ
C:\RSQUARED\FRAMEWORK\WOPR\DEBUG\TICKSTORAGE.OBJ
C:\RSQUARED\FRAMEWORK\WOPR\DEBUG\UPDATEFEEDS.OBJ
C:\rsquared\Framework\WOPR\Debug\vc100.pdb
C:\RSQUARED\FRAMEWORK\WOPR\GENERATEDFILES\DEBUG\MOC_ADDOPTIONSYMBOL.CPP
C:\RSQUARED\FRAMEWORK\WOPR\GENERATEDFILES\DEBUG\MOC_FEEDCONNECTOR.CPP
C:\RSQUARED\FRAMEWORK\WOPR\GENERATEDFILES\DEBUG\MOC_FEEDPROCESSOR.CPP
C:\RSQUARED\FRAMEWORK\WOPR\GENERATEDFILES\DEBUG\MOC_NETWORK.CPP
C:\RSQUARED\FRAMEWORK\WOPR\GENERATEDFILES\DEBUG\MOC_OPTIONFEEDS.CPP
C:\RSQUARED\FRAMEWORK\WOPR\GENERATEDFILES\DEBUG\MOC_OPTIONINDICATOR.CPP
C:\RSQUARED\FRAMEWORK\WOPR\GENERATEDFILES\DEBUG\MOC_QUESILO.CPP
C:\RSQUARED\FRAMEWORK\WOPR\GENERATEDFILES\DEBUG\MOC_TDISPLAY.CPP
C:\RSQUARED\FRAMEWORK\WOPR\GENERATEDFILES\DEBUG\MOC_UPDATEFEEDS.CPP
C:\RSQUARED\FRAMEWORK\WOPR\GENERATEDFILES\DEBUG\MOC_WOPR.CPP
C:\RSQUARED\FRAMEWORK\WOPR\GENERATEDFILES\QRC_WOPR.CPP
C:\RSQUARED\FRAMEWORK\WOPR\GENERATEDFILES\UI_ADDOPTIONSYMBOL.H
C:\RSQUARED\FRAMEWORK\WOPR\GENERATEDFILES\UI_OPTIONFEEDS.H
C:\RSQUARED\FRAMEWORK\WOPR\GENERATEDFILES\UI_TDISPLAY.H
C:\RSQUARED\FRAMEWORK\WOPR\GENERATEDFILES\UI_UPDATEFEEDS.H
C:\RSQUARED\FRAMEWORK\WOPR\GENERATEDFILES\UI_WOPR.H
