C:\rsquared\Framework\OMEGA\Debug\cl.command.1.tlog
C:\rsquared\Framework\OMEGA\Debug\CL.read.1.tlog
C:\rsquared\Framework\OMEGA\Debug\CL.write.1.tlog
C:\rsquared\Framework\OMEGA\Debug\custombuild.command.1.tlog
C:\rsquared\Framework\OMEGA\Debug\custombuild.read.1.tlog
C:\rsquared\Framework\OMEGA\Debug\custombuild.write.1.tlog
C:\RSQUARED\FRAMEWORK\OMEGA\DEBUG\FILTER.OBJ
C:\rsquared\Framework\OMEGA\Debug\link.command.1.tlog
C:\rsquared\Framework\OMEGA\Debug\link.read.1.tlog
C:\rsquared\Framework\OMEGA\Debug\link.write.1.tlog
C:\rsquared\Framework\OMEGA\Debug\link-cvtres.read.1.tlog
C:\rsquared\Framework\OMEGA\Debug\link-cvtres.write.1.tlog
C:\RSQUARED\FRAMEWORK\OMEGA\DEBUG\MAIN.OBJ
C:\RSQUARED\FRAMEWORK\OMEGA\DEBUG\MOC_NETWORK.OBJ
C:\RSQUARED\FRAMEWORK\OMEGA\DEBUG\MOC_OMEGA.OBJ
C:\RSQUARED\FRAMEWORK\OMEGA\DEBUG\MOC_OPTIONQUOTER.OBJ
C:\RSQUARED\FRAMEWORK\OMEGA\DEBUG\MOC_SYMBOLLOAD.OBJ
C:\RSQUARED\FRAMEWORK\OMEGA\DEBUG\MOC_TIMEDMESSAGE.OBJ
C:\rsquared\Framework\OMEGA\Debug\mt.command.1.tlog
C:\rsquared\Framework\OMEGA\Debug\mt.read.1.tlog
C:\rsquared\Framework\OMEGA\Debug\mt.write.1.tlog
C:\RSQUARED\FRAMEWORK\OMEGA\DEBUG\MYSQL-OMEGA.OBJ
C:\RSQUARED\FRAMEWORK\OMEGA\DEBUG\NETWORK.OBJ
C:\RSQUARED\FRAMEWORK\OMEGA\DEBUG\OMEGA.EXE.INTERMEDIATE.MANIFEST
C:\RSQUARED\FRAMEWORK\OMEGA\DEBUG\OMEGA.OBJ
C:\RSQUARED\FRAMEWORK\OMEGA\DEBUG\OMEGA.RES
C:\RSQUARED\FRAMEWORK\OMEGA\DEBUG\OPTIONQUOTER.OBJ
C:\RSQUARED\FRAMEWORK\OMEGA\DEBUG\OPTIONTICK.PB.OBJ
C:\RSQUARED\FRAMEWORK\OMEGA\DEBUG\QRC_OMEGA.OBJ
C:\rsquared\Framework\OMEGA\Debug\rc.command.1.tlog
C:\rsquared\Framework\OMEGA\Debug\rc.read.1.tlog
C:\rsquared\Framework\OMEGA\Debug\rc.write.1.tlog
C:\RSQUARED\FRAMEWORK\OMEGA\DEBUG\RECORDTRACKER.OBJ
C:\RSQUARED\FRAMEWORK\OMEGA\DEBUG\RTYPES.PB.OBJ
C:\RSQUARED\FRAMEWORK\OMEGA\DEBUG\SYMBOLLOAD.OBJ
C:\RSQUARED\FRAMEWORK\OMEGA\DEBUG\UTILITY.OBJ
C:\RSQUARED\FRAMEWORK\OMEGA\DEBUG\VC100.PDB
C:\RSQUARED\FRAMEWORK\OMEGA\GENERATEDFILES\DEBUG\MOC_NETWORK.CPP
C:\RSQUARED\FRAMEWORK\OMEGA\GENERATEDFILES\DEBUG\MOC_OMEGA.CPP
C:\RSQUARED\FRAMEWORK\OMEGA\GENERATEDFILES\DEBUG\MOC_OPTIONQUOTER.CPP
C:\RSQUARED\FRAMEWORK\OMEGA\GENERATEDFILES\DEBUG\MOC_SYMBOLLOAD.CPP
C:\RSQUARED\FRAMEWORK\OMEGA\GENERATEDFILES\DEBUG\MOC_TIMEDMESSAGE.CPP
C:\RSQUARED\FRAMEWORK\OMEGA\GENERATEDFILES\QRC_OMEGA.CPP
C:\RSQUARED\FRAMEWORK\OMEGA\GENERATEDFILES\UI_OMEGA.H
C:\RSQUARED\FRAMEWORK\OMEGA\GENERATEDFILES\UI_OPTIONQUOTER.H
C:\RSQUARED\FRAMEWORK\OMEGA\GENERATEDFILES\UI_SYMBOLLOAD.H
C:\RSQUARED\FRAMEWORK\WIN32\DEBUG\OMEGA.EXE
C:\RSQUARED\FRAMEWORK\WIN32\DEBUG\OMEGA.ILK
C:\RSQUARED\FRAMEWORK\WIN32\DEBUG\OMEGA.PDB
