C:\RSQUARED\FRAMEWORK\WIN32\RELEASE\WOPR.EXE
C:\RSQUARED\FRAMEWORK\WIN32\RELEASE\WOPR.PDB
C:\RSQUARED\FRAMEWORK\WOPR\GENERATEDFILES\QRC_WOPR.CPP
C:\RSQUARED\FRAMEWORK\WOPR\GENERATEDFILES\RELEASE\MOC_ADDOPTIONSYMBOL.CPP
C:\RSQUARED\FRAMEWORK\WOPR\GENERATEDFILES\RELEASE\MOC_FEEDCONNECTOR.CPP
C:\RSQUARED\FRAMEWORK\WOPR\GENERATEDFILES\RELEASE\MOC_FEEDPROCESSOR.CPP
C:\RSQUARED\FRAMEWORK\WOPR\GENERATEDFILES\RELEASE\MOC_NETWORK.CPP
C:\RSQUARED\FRAMEWORK\WOPR\GENERATEDFILES\RELEASE\MOC_OPTIONFEEDS.CPP
C:\RSQUARED\FRAMEWORK\WOPR\GENERATEDFILES\RELEASE\MOC_OPTIONINDICATOR.CPP
C:\RSQUARED\FRAMEWORK\WOPR\GENERATEDFILES\RELEASE\MOC_QUESILO.CPP
C:\RSQUARED\FRAMEWORK\WOPR\GENERATEDFILES\RELEASE\MOC_TDISPLAY.CPP
C:\RSQUARED\FRAMEWORK\WOPR\GENERATEDFILES\RELEASE\MOC_UPDATEFEEDS.CPP
C:\RSQUARED\FRAMEWORK\WOPR\GENERATEDFILES\RELEASE\MOC_WOPR.CPP
C:\RSQUARED\FRAMEWORK\WOPR\GENERATEDFILES\UI_ADDOPTIONSYMBOL.H
C:\RSQUARED\FRAMEWORK\WOPR\GENERATEDFILES\UI_OPTIONFEEDS.H
C:\RSQUARED\FRAMEWORK\WOPR\GENERATEDFILES\UI_TDISPLAY.H
C:\RSQUARED\FRAMEWORK\WOPR\GENERATEDFILES\UI_UPDATEFEEDS.H
C:\RSQUARED\FRAMEWORK\WOPR\GENERATEDFILES\UI_WOPR.H
C:\RSQUARED\FRAMEWORK\WOPR\RELEASE\ADDOPTIONSYMBOL.OBJ
C:\rsquared\Framework\WOPR\Release\cl.command.1.tlog
C:\rsquared\Framework\WOPR\Release\CL.read.1.tlog
C:\rsquared\Framework\WOPR\Release\CL.write.1.tlog
C:\rsquared\Framework\WOPR\Release\custombuild.command.1.tlog
C:\rsquared\Framework\WOPR\Release\custombuild.read.1.tlog
C:\rsquared\Framework\WOPR\Release\custombuild.write.1.tlog
C:\RSQUARED\FRAMEWORK\WOPR\RELEASE\FEEDCONNECTOR.OBJ
C:\RSQUARED\FRAMEWORK\WOPR\RELEASE\FEEDPROCESSOR.OBJ
C:\rsquared\Framework\WOPR\Release\link.command.1.tlog
C:\rsquared\Framework\WOPR\Release\link.read.1.tlog
C:\rsquared\Framework\WOPR\Release\link.write.1.tlog
C:\rsquared\Framework\WOPR\Release\link-cvtres.read.1.tlog
C:\rsquared\Framework\WOPR\Release\link-cvtres.write.1.tlog
C:\RSQUARED\FRAMEWORK\WOPR\RELEASE\MAIN.OBJ
C:\RSQUARED\FRAMEWORK\WOPR\RELEASE\MOC_ADDOPTIONSYMBOL.OBJ
C:\RSQUARED\FRAMEWORK\WOPR\RELEASE\MOC_FEEDCONNECTOR.OBJ
C:\RSQUARED\FRAMEWORK\WOPR\RELEASE\MOC_FEEDPROCESSOR.OBJ
C:\RSQUARED\FRAMEWORK\WOPR\RELEASE\MOC_NETWORK.OBJ
C:\RSQUARED\FRAMEWORK\WOPR\RELEASE\MOC_OPTIONFEEDS.OBJ
C:\RSQUARED\FRAMEWORK\WOPR\RELEASE\MOC_OPTIONINDICATOR.OBJ
C:\RSQUARED\FRAMEWORK\WOPR\RELEASE\MOC_QUESILO.OBJ
C:\RSQUARED\FRAMEWORK\WOPR\RELEASE\MOC_TDISPLAY.OBJ
C:\RSQUARED\FRAMEWORK\WOPR\RELEASE\MOC_UPDATEFEEDS.OBJ
C:\RSQUARED\FRAMEWORK\WOPR\RELEASE\MOC_WOPR.OBJ
C:\rsquared\Framework\WOPR\Release\mt.command.1.tlog
C:\rsquared\Framework\WOPR\Release\mt.read.1.tlog
C:\rsquared\Framework\WOPR\Release\mt.write.1.tlog
C:\RSQUARED\FRAMEWORK\WOPR\RELEASE\MYSQL-WOPR.OBJ
C:\RSQUARED\FRAMEWORK\WOPR\RELEASE\NETWORK.OBJ
C:\RSQUARED\FRAMEWORK\WOPR\RELEASE\OPTIONFEEDS.OBJ
C:\RSQUARED\FRAMEWORK\WOPR\RELEASE\OPTIONINDICATOR.OBJ
C:\RSQUARED\FRAMEWORK\WOPR\RELEASE\OPTIONPROPERTIES.OBJ
C:\RSQUARED\FRAMEWORK\WOPR\RELEASE\OPTIONTICK.PB.OBJ
C:\RSQUARED\FRAMEWORK\WOPR\RELEASE\QRC_WOPR.OBJ
C:\RSQUARED\FRAMEWORK\WOPR\RELEASE\QUESILO.OBJ
C:\rsquared\Framework\WOPR\Release\rc.command.1.tlog
C:\rsquared\Framework\WOPR\Release\rc.read.1.tlog
C:\rsquared\Framework\WOPR\Release\rc.write.1.tlog
C:\RSQUARED\FRAMEWORK\WOPR\RELEASE\STOCKTICK.PB.OBJ
C:\RSQUARED\FRAMEWORK\WOPR\RELEASE\TDISPLAY.OBJ
C:\RSQUARED\FRAMEWORK\WOPR\RELEASE\TICK.PB.OBJ
C:\RSQUARED\FRAMEWORK\WOPR\RELEASE\TICKSTORAGE.OBJ
C:\RSQUARED\FRAMEWORK\WOPR\RELEASE\UPDATEFEEDS.OBJ
C:\RSQUARED\FRAMEWORK\WOPR\RELEASE\VC100.PDB
C:\RSQUARED\FRAMEWORK\WOPR\RELEASE\WOPR.EXE.INTERMEDIATE.MANIFEST
C:\RSQUARED\FRAMEWORK\WOPR\RELEASE\WOPR.OBJ
C:\RSQUARED\FRAMEWORK\WOPR\RELEASE\WOPR.RES
