Build started 10/23/2013 11:10:20 AM.
     1>Project "C:\rsquared\Framework\Eclipse\Eclipse.vcxproj" on node 2 (build target(s)).
     1>InitializeBuildStatus:
         Creating "Debug\Eclipse.unsuccessfulbuild" because "AlwaysCreate" was specified.
       CustomBuild:
         All outputs are up-to-date.
       ClCompile:
         c:\Program Files (x86)\Microsoft Visual Studio 10.0\VC\bin\CL.exe /c /I.\GeneratedFiles /I. /IC:\Qt\4.8.4\include /I.\GeneratedFiles\Debug /IC:\Qt\4.8.4\include\QtCore /IC:\Qt\4.8.4\include\QtGui /I"..\..\External\boost-win-1.47-32bit-vs2010\include\boost-1_47" /I"..\..\External\ta-lib-0.4.0-msvc\ta-lib\c\include\\" /I"..\..\External\Qpid-32Bit\Debug\include\\" /I..\Common\ /I"..\..\External\protoc-2.5.0-win32\protobuf-2.5.0-src\src\\" /I"..\..\External\MySQLBuild-32Bit\Include" /Zi /nologo /W1 /WX- /Od /Oy- /D UNICODE /D WIN32 /D QT_LARGEFILE_SUPPORT /D QT_DLL /D QT_CORE_LIB /D _WIN32_WINNT=0x0501 /D QT_GUI_LIB /Gm- /EHsc /MDd /GS /fp:precise /Zc:wchar_t- /Zc:forScope /openmp /Fo"Debug\\" /Fd"Debug\vc100.pdb" /Gd /TP /analyze- /errorReport:prompt ExpGraph.cpp
         ExpGraph.cpp
     1>ExpGraph.cpp(445): warning C4482: nonstandard extension used: enum 'QCPGraph::LineStyle' used in qualified name
     1>c:\Program Files (x86)\Microsoft Visual Studio 10.0\VC\include\algorithm(1010): warning C4996: 'std::_Swap_ranges': Function call with parameters that may be unsafe - this call relies on the caller to check that the passed values are correct. To disable this warning, use -D_SCL_SECURE_NO_WARNINGS. See documentation on how to use Visual C++ 'Checked Iterators'
                 c:\Program Files (x86)\Microsoft Visual Studio 10.0\VC\include\algorithm(995) : see declaration of 'std::_Swap_ranges'
                 C:\rsquared\External\boost-win-1.47-32bit-vs2010\include\boost-1_47\boost/uuid/uuid.hpp(151) : see reference to function template instantiation '_FwdIt2 std::swap_ranges<boost::uuids::uuid::iterator,boost::uuids::uuid::iterator>(_FwdIt1,_FwdIt1,_FwdIt2)' being compiled
                 with
                 [
                     _FwdIt2=boost::uuids::uuid::iterator,
                     _FwdIt1=boost::uuids::uuid::iterator
                 ]
     1>c:\Program Files (x86)\Microsoft Visual Studio 10.0\VC\include\xutility(3063): warning C4996: 'std::_Equal1': Function call with parameters that may be unsafe - this call relies on the caller to check that the passed values are correct. To disable this warning, use -D_SCL_SECURE_NO_WARNINGS. See documentation on how to use Visual C++ 'Checked Iterators'
                 c:\Program Files (x86)\Microsoft Visual Studio 10.0\VC\include\xutility(3048) : see declaration of 'std::_Equal1'
                 C:\rsquared\External\boost-win-1.47-32bit-vs2010\include\boost-1_47\boost/uuid/uuid.hpp(161) : see reference to function template instantiation 'bool std::equal<boost::uuids::uuid::const_iterator,boost::uuids::uuid::const_iterator>(_InIt1,_InIt1,_InIt2)' being compiled
                 with
                 [
                     _InIt1=boost::uuids::uuid::const_iterator,
                     _InIt2=boost::uuids::uuid::const_iterator
                 ]
         All outputs are up-to-date.
       ResourceCompile:
         All outputs are up-to-date.
       Link:
         c:\Program Files (x86)\Microsoft Visual Studio 10.0\VC\bin\link.exe /ERRORREPORT:PROMPT /OUT:"C:\rsquared\Framework\Win32\Debug\\Eclipse.exe" /NOLOGO /LIBPATH:C:\Qt\4.8.4\lib /LIBPATH:"..\..\External\boost-win-1.47-32bit-vs2010\lib\\" /LIBPATH:"..\..\External\Qpid-32Bit\Debug\lib\\" /LIBPATH:"..\..\External\protoc-2.5.0-win32\protobuf-2.5.0-src\vsprojects\Debug\\" /LIBPATH:"..\..\External\MySQLBuild-32Bit\Lib\Debug" qtmaind.lib QtCored4.lib QtGuid4.lib qpidmessagingd.lib qpidclientd.lib qpidcommond.lib qpidtypesd.lib libprotobuf.lib libmysql.lib mysqlcppconn.lib kernel32.lib user32.lib gdi32.lib winspool.lib comdlg32.lib advapi32.lib shell32.lib ole32.lib oleaut32.lib uuid.lib odbc32.lib odbccp32.lib /MANIFEST /ManifestFile:"Debug\Eclipse.exe.intermediate.manifest" /MANIFESTUAC:"level='asInvoker' uiAccess='false'" /DEBUG /PDB:"C:\rsquared\Framework\Win32\Debug\Eclipse.pdb" /SUBSYSTEM:WINDOWS /TLBID:1 /DYNAMICBASE /NXCOMPAT /IMPLIB:"C:\rsquared\Framework\Win32\Debug\Eclipse.lib" /MACHINE:X86 Debug\Eclipse.res
         Debug\Eclipse.obj
         Debug\ExpDateProxy.obj
         Debug\ExpGraph.obj
         Debug\moc_Eclipse.obj
         Debug\moc_ExpDateProxy.obj
         Debug\moc_ExpGraph.obj
         Debug\moc_Network.obj
         Debug\moc_OptionScanner.obj
         Debug\moc_OptionScannerProxy.obj
         Debug\moc_qcustomplot.obj
         Debug\moc_VolatilityGraph.obj
         Debug\moc_VolatilityProxy.obj
         Debug\qrc_Eclipse.obj
         Debug\main.obj
         "Debug\MySQL-Eclipse.obj"
         Debug\Network.obj
         Debug\OptionScanner.obj
         Debug\OptionScannerProxy.obj
         Debug\OptionTick.pb.obj
         Debug\qcustomplot.obj
         Debug\StockTick.pb.obj
         Debug\VolatilityGraph.obj
         Debug\VolatilityProxy.obj
         LINK : C:\rsquared\Framework\Win32\Debug\\Eclipse.exe not found or not built by the last incremental link; performing full link
            Creating library C:\rsquared\Framework\Win32\Debug\Eclipse.lib and object C:\rsquared\Framework\Win32\Debug\Eclipse.exp
         Eclipse.vcxproj -> C:\rsquared\Framework\Win32\Debug\Eclipse.exe
       Manifest:
         C:\Program Files (x86)\Microsoft SDKs\Windows\v7.0A\bin\mt.exe /nologo /verbose /outputresource:"C:\rsquared\Framework\Win32\Debug\\Eclipse.exe;#1" /manifest Debug\Eclipse.exe.intermediate.manifest
       FinalizeBuildStatus:
         Deleting file "Debug\Eclipse.unsuccessfulbuild".
         Touching "Debug\Eclipse.lastbuildstate".
     1>Done Building Project "C:\rsquared\Framework\Eclipse\Eclipse.vcxproj" (build target(s)).

Build succeeded.

Time Elapsed 00:00:17.71
