C:\rsquared\Framework\Eclipse\Debug\cl.command.1.tlog
C:\rsquared\Framework\Eclipse\Debug\CL.read.1.tlog
C:\rsquared\Framework\Eclipse\Debug\CL.write.1.tlog
C:\rsquared\Framework\Eclipse\Debug\custombuild.command.1.tlog
C:\rsquared\Framework\Eclipse\Debug\custombuild.read.1.tlog
C:\rsquared\Framework\Eclipse\Debug\custombuild.write.1.tlog
C:\RSQUARED\FRAMEWORK\ECLIPSE\DEBUG\ECLIPSE.EXE.INTERMEDIATE.MANIFEST
C:\RSQUARED\FRAMEWORK\ECLIPSE\DEBUG\ECLIPSE.OBJ
C:\RSQUARED\FRAMEWORK\ECLIPSE\DEBUG\ECLIPSE.RES
C:\rsquared\Framework\Eclipse\Debug\Eclipse.write.1.tlog
C:\RSQUARED\FRAMEWORK\ECLIPSE\DEBUG\EXPDATEPROXY.OBJ
C:\RSQUARED\FRAMEWORK\ECLIPSE\DEBUG\EXPGRAPH.OBJ
C:\rsquared\Framework\Eclipse\Debug\link.command.1.tlog
C:\rsquared\Framework\Eclipse\Debug\link.read.1.tlog
C:\rsquared\Framework\Eclipse\Debug\link.write.1.tlog
C:\rsquared\Framework\Eclipse\Debug\link-cvtres.read.1.tlog
C:\rsquared\Framework\Eclipse\Debug\link-cvtres.write.1.tlog
C:\RSQUARED\FRAMEWORK\ECLIPSE\DEBUG\MAIN.OBJ
C:\RSQUARED\FRAMEWORK\ECLIPSE\DEBUG\MOC_ECLIPSE.OBJ
C:\RSQUARED\FRAMEWORK\ECLIPSE\DEBUG\MOC_EXPDATEPROXY.OBJ
C:\RSQUARED\FRAMEWORK\ECLIPSE\DEBUG\MOC_EXPGRAPH.OBJ
C:\RSQUARED\FRAMEWORK\ECLIPSE\DEBUG\MOC_NETWORK.OBJ
C:\RSQUARED\FRAMEWORK\ECLIPSE\DEBUG\MOC_OPTIONSCANNER.OBJ
C:\RSQUARED\FRAMEWORK\ECLIPSE\DEBUG\MOC_OPTIONSCANNERPROXY.OBJ
C:\RSQUARED\FRAMEWORK\ECLIPSE\DEBUG\MOC_QCUSTOMPLOT.OBJ
C:\RSQUARED\FRAMEWORK\ECLIPSE\DEBUG\MOC_VOLATILITYGRAPH.OBJ
C:\RSQUARED\FRAMEWORK\ECLIPSE\DEBUG\MOC_VOLATILITYPROXY.OBJ
C:\rsquared\Framework\Eclipse\Debug\mt.command.1.tlog
C:\rsquared\Framework\Eclipse\Debug\mt.read.1.tlog
C:\rsquared\Framework\Eclipse\Debug\mt.write.1.tlog
C:\RSQUARED\FRAMEWORK\ECLIPSE\DEBUG\MYSQL-ECLIPSE.OBJ
C:\RSQUARED\FRAMEWORK\ECLIPSE\DEBUG\NETWORK.OBJ
C:\RSQUARED\FRAMEWORK\ECLIPSE\DEBUG\OPTIONSCANNER.OBJ
C:\RSQUARED\FRAMEWORK\ECLIPSE\DEBUG\OPTIONSCANNERPROXY.OBJ
C:\RSQUARED\FRAMEWORK\ECLIPSE\DEBUG\OPTIONTICK.PB.OBJ
C:\RSQUARED\FRAMEWORK\ECLIPSE\DEBUG\QCUSTOMPLOT.OBJ
C:\RSQUARED\FRAMEWORK\ECLIPSE\DEBUG\QRC_ECLIPSE.OBJ
C:\rsquared\Framework\Eclipse\Debug\rc.command.1.tlog
C:\rsquared\Framework\Eclipse\Debug\rc.read.1.tlog
C:\rsquared\Framework\Eclipse\Debug\rc.write.1.tlog
C:\RSQUARED\FRAMEWORK\ECLIPSE\DEBUG\STOCKTICK.PB.OBJ
C:\RSQUARED\FRAMEWORK\ECLIPSE\DEBUG\VC100.PDB
C:\RSQUARED\FRAMEWORK\ECLIPSE\DEBUG\VOLATILITYGRAPH.OBJ
C:\RSQUARED\FRAMEWORK\ECLIPSE\DEBUG\VOLATILITYPROXY.OBJ
C:\RSQUARED\FRAMEWORK\ECLIPSE\GENERATEDFILES\DEBUG\MOC_ECLIPSE.CPP
C:\RSQUARED\FRAMEWORK\ECLIPSE\GENERATEDFILES\DEBUG\MOC_EXPDATEPROXY.CPP
C:\RSQUARED\FRAMEWORK\ECLIPSE\GENERATEDFILES\DEBUG\MOC_EXPGRAPH.CPP
C:\RSQUARED\FRAMEWORK\ECLIPSE\GENERATEDFILES\DEBUG\MOC_NETWORK.CPP
C:\RSQUARED\FRAMEWORK\ECLIPSE\GENERATEDFILES\DEBUG\MOC_OPTIONSCANNER.CPP
C:\RSQUARED\FRAMEWORK\ECLIPSE\GENERATEDFILES\DEBUG\MOC_OPTIONSCANNERPROXY.CPP
C:\RSQUARED\FRAMEWORK\ECLIPSE\GENERATEDFILES\DEBUG\MOC_QCUSTOMPLOT.CPP
C:\RSQUARED\FRAMEWORK\ECLIPSE\GENERATEDFILES\DEBUG\MOC_VOLATILITYGRAPH.CPP
C:\RSQUARED\FRAMEWORK\ECLIPSE\GENERATEDFILES\DEBUG\MOC_VOLATILITYPROXY.CPP
C:\RSQUARED\FRAMEWORK\ECLIPSE\GENERATEDFILES\QRC_ECLIPSE.CPP
C:\RSQUARED\FRAMEWORK\ECLIPSE\GENERATEDFILES\UI_ECLIPSE.H
C:\RSQUARED\FRAMEWORK\ECLIPSE\GENERATEDFILES\UI_EXPGRAPH.H
C:\RSQUARED\FRAMEWORK\ECLIPSE\GENERATEDFILES\UI_OPTIONSCANNER.H
C:\RSQUARED\FRAMEWORK\ECLIPSE\GENERATEDFILES\UI_VOLATILITYGRAPH.H
C:\RSQUARED\FRAMEWORK\WIN32\DEBUG\ECLIPSE.EXE
C:\rsquared\Framework\Win32\Debug\Eclipse.exp
C:\RSQUARED\FRAMEWORK\WIN32\DEBUG\ECLIPSE.ILK
C:\rsquared\Framework\Win32\Debug\Eclipse.lib
C:\RSQUARED\FRAMEWORK\WIN32\DEBUG\ECLIPSE.PDB
