C:\RSQUARED\FRAMEWORK\ECLIPSE\GENERATEDFILES\QRC_ECLIPSE.CPP
C:\RSQUARED\FRAMEWORK\ECLIPSE\GENERATEDFILES\RELEASE\MOC_ECLIPSE.CPP
C:\RSQUARED\FRAMEWORK\ECLIPSE\GENERATEDFILES\RELEASE\MOC_EXPDATEPROXY.CPP
C:\RSQUARED\FRAMEWORK\ECLIPSE\GENERATEDFILES\RELEASE\MOC_EXPGRAPH.CPP
C:\RSQUARED\FRAMEWORK\ECLIPSE\GENERATEDFILES\RELEASE\MOC_NETWORK.CPP
C:\RSQUARED\FRAMEWORK\ECLIPSE\GENERATEDFILES\RELEASE\MOC_OPTIONSCANNER.CPP
C:\RSQUARED\FRAMEWORK\ECLIPSE\GENERATEDFILES\RELEASE\MOC_OPTIONSCANNERPROXY.CPP
C:\RSQUARED\FRAMEWORK\ECLIPSE\GENERATEDFILES\RELEASE\MOC_QCUSTOMPLOT.CPP
C:\RSQUARED\FRAMEWORK\ECLIPSE\GENERATEDFILES\RELEASE\MOC_VOLATILITYGRAPH.CPP
C:\RSQUARED\FRAMEWORK\ECLIPSE\GENERATEDFILES\RELEASE\MOC_VOLATILITYPROXY.CPP
C:\RSQUARED\FRAMEWORK\ECLIPSE\GENERATEDFILES\UI_ECLIPSE.H
C:\RSQUARED\FRAMEWORK\ECLIPSE\GENERATEDFILES\UI_EXPGRAPH.H
C:\RSQUARED\FRAMEWORK\ECLIPSE\GENERATEDFILES\UI_OPTIONSCANNER.H
C:\RSQUARED\FRAMEWORK\ECLIPSE\GENERATEDFILES\UI_VOLATILITYGRAPH.H
C:\rsquared\Framework\Eclipse\Release\cl.command.1.tlog
C:\rsquared\Framework\Eclipse\Release\CL.read.1.tlog
C:\rsquared\Framework\Eclipse\Release\CL.write.1.tlog
C:\rsquared\Framework\Eclipse\Release\custombuild.command.1.tlog
C:\rsquared\Framework\Eclipse\Release\custombuild.read.1.tlog
C:\rsquared\Framework\Eclipse\Release\custombuild.write.1.tlog
C:\RSQUARED\FRAMEWORK\ECLIPSE\RELEASE\ECLIPSE.EXE.INTERMEDIATE.MANIFEST
C:\RSQUARED\FRAMEWORK\ECLIPSE\RELEASE\ECLIPSE.OBJ
C:\RSQUARED\FRAMEWORK\ECLIPSE\RELEASE\ECLIPSE.RES
C:\rsquared\Framework\Eclipse\Release\Eclipse.write.1.tlog
C:\RSQUARED\FRAMEWORK\ECLIPSE\RELEASE\EXPDATEPROXY.OBJ
C:\RSQUARED\FRAMEWORK\ECLIPSE\RELEASE\EXPGRAPH.OBJ
C:\rsquared\Framework\Eclipse\Release\link.command.1.tlog
C:\rsquared\Framework\Eclipse\Release\link.read.1.tlog
C:\rsquared\Framework\Eclipse\Release\link.write.1.tlog
C:\rsquared\Framework\Eclipse\Release\link-cvtres.read.1.tlog
C:\rsquared\Framework\Eclipse\Release\link-cvtres.write.1.tlog
C:\RSQUARED\FRAMEWORK\ECLIPSE\RELEASE\MAIN.OBJ
C:\RSQUARED\FRAMEWORK\ECLIPSE\RELEASE\MOC_ECLIPSE.OBJ
C:\RSQUARED\FRAMEWORK\ECLIPSE\RELEASE\MOC_EXPDATEPROXY.OBJ
C:\RSQUARED\FRAMEWORK\ECLIPSE\RELEASE\MOC_EXPGRAPH.OBJ
C:\RSQUARED\FRAMEWORK\ECLIPSE\RELEASE\MOC_NETWORK.OBJ
C:\RSQUARED\FRAMEWORK\ECLIPSE\RELEASE\MOC_OPTIONSCANNER.OBJ
C:\RSQUARED\FRAMEWORK\ECLIPSE\RELEASE\MOC_OPTIONSCANNERPROXY.OBJ
C:\RSQUARED\FRAMEWORK\ECLIPSE\RELEASE\MOC_QCUSTOMPLOT.OBJ
C:\RSQUARED\FRAMEWORK\ECLIPSE\RELEASE\MOC_VOLATILITYGRAPH.OBJ
C:\RSQUARED\FRAMEWORK\ECLIPSE\RELEASE\MOC_VOLATILITYPROXY.OBJ
C:\rsquared\Framework\Eclipse\Release\mt.command.1.tlog
C:\rsquared\Framework\Eclipse\Release\mt.read.1.tlog
C:\rsquared\Framework\Eclipse\Release\mt.write.1.tlog
C:\RSQUARED\FRAMEWORK\ECLIPSE\RELEASE\MYSQL-ECLIPSE.OBJ
C:\RSQUARED\FRAMEWORK\ECLIPSE\RELEASE\NETWORK.OBJ
C:\RSQUARED\FRAMEWORK\ECLIPSE\RELEASE\OPTIONSCANNER.OBJ
C:\RSQUARED\FRAMEWORK\ECLIPSE\RELEASE\OPTIONSCANNERPROXY.OBJ
C:\RSQUARED\FRAMEWORK\ECLIPSE\RELEASE\OPTIONTICK.PB.OBJ
C:\RSQUARED\FRAMEWORK\ECLIPSE\RELEASE\QCUSTOMPLOT.OBJ
C:\RSQUARED\FRAMEWORK\ECLIPSE\RELEASE\QRC_ECLIPSE.OBJ
C:\rsquared\Framework\Eclipse\Release\rc.command.1.tlog
C:\rsquared\Framework\Eclipse\Release\rc.read.1.tlog
C:\rsquared\Framework\Eclipse\Release\rc.write.1.tlog
C:\RSQUARED\FRAMEWORK\ECLIPSE\RELEASE\STOCKTICK.PB.OBJ
C:\RSQUARED\FRAMEWORK\ECLIPSE\RELEASE\VC100.PDB
C:\RSQUARED\FRAMEWORK\ECLIPSE\RELEASE\VOLATILITYGRAPH.OBJ
C:\RSQUARED\FRAMEWORK\ECLIPSE\RELEASE\VOLATILITYPROXY.OBJ
C:\RSQUARED\FRAMEWORK\WIN32\RELEASE\ECLIPSE.EXE
C:\rsquared\Framework\Win32\Release\Eclipse.exp
C:\rsquared\Framework\Win32\Release\Eclipse.lib
C:\RSQUARED\FRAMEWORK\WIN32\RELEASE\ECLIPSE.PDB
